\BOOKMARK [1][-]{section*.1}{\376\377\000C\000o\000n\000t\000e\000n\000t\000s}{}% 1
\BOOKMARK [1][-]{section*.2}{\376\377\000L\000i\000m\000i\000t\000s}{}% 2
\BOOKMARK [2][-]{section*.3}{\376\377\000I\000n\000t\000r\000o\000d\000u\000c\000t\000i\000o\000n}{section*.2}% 3
\BOOKMARK [2][-]{section*.5}{\376\377\000P\000r\000o\000p\000e\000r\000t\000i\000e\000s\000\040\000o\000f\000\040\000L\000i\000m\000i\000t\000s}{section*.2}% 4
\BOOKMARK [2][-]{section*.7}{\376\377\000L\000i\000m\000i\000t\000s\000\040\000I\000n\000v\000o\000l\000v\000i\000n\000g\000\040\000I\000n\000f\000i\000n\000i\000t\000y}{section*.2}% 5
\BOOKMARK [2][-]{section*.9}{\376\377\000C\000o\000n\000t\000i\000n\000u\000i\000t\000y}{section*.2}% 6
\BOOKMARK [2][-]{section*.11}{\376\377\000I\000n\000t\000e\000r\000m\000e\000d\000i\000a\000t\000e\000\040\000V\000a\000l\000u\000e\000\040\000T\000h\000e\000o\000r\000e\000m}{section*.2}% 7
\BOOKMARK [2][-]{section*.13}{\376\377\000R\000a\000t\000e\000s\000\040\000o\000f\000\040\000C\000h\000a\000n\000g\000e\000\040\000\046\000\040\000T\000a\000n\000g\000e\000n\000t\000\040\000L\000i\000n\000e\000s}{section*.2}% 8
\BOOKMARK [1][-]{section*.15}{\376\377\000D\000e\000r\000i\000v\000a\000t\000i\000v\000e\000s}{}% 9
\BOOKMARK [2][-]{section*.16}{\376\377\000D\000e\000f\000i\000n\000i\000t\000i\000o\000n\000\040\000o\000f\000\040\000t\000h\000e\000\040\000D\000e\000r\000i\000v\000a\000t\000i\000v\000e}{section*.15}% 10
\BOOKMARK [2][-]{section*.18}{\376\377\000R\000u\000l\000e\000s\000\040\000f\000o\000r\000\040\000D\000i\000f\000f\000e\000r\000e\000n\000t\000i\000a\000t\000i\000o\000n\000\040\000A}{section*.15}% 11
\BOOKMARK [2][-]{section*.20}{\376\377\000R\000u\000l\000e\000s\000\040\000f\000o\000r\000\040\000D\000i\000f\000f\000e\000r\000e\000n\000t\000i\000a\000t\000i\000o\000n\000\040\000B}{section*.15}% 12
\BOOKMARK [2][-]{section*.22}{\376\377\000D\000i\000s\000t\000a\000n\000c\000e\000,\000\040\000V\000e\000l\000o\000c\000i\000t\000y\000,\000\040\000\046\000\040\000A\000c\000c\000e\000l\000e\000r\000a\000t\000i\000o\000n}{section*.15}% 13
\BOOKMARK [2][-]{section*.24}{\376\377\000D\000e\000r\000i\000v\000a\000t\000i\000v\000e\000s\000\040\000o\000f\000\040\000S\000i\000n\000e\000\040\000a\000n\000d\000\040\000C\000o\000s\000i\000n\000e}{section*.15}% 14
\BOOKMARK [2][-]{section*.26}{\376\377\000T\000h\000e\000\040\000C\000h\000a\000i\000n\000\040\000R\000u\000l\000e}{section*.15}% 15
\BOOKMARK [2][-]{section*.28}{\376\377\000D\000e\000r\000i\000v\000a\000t\000i\000v\000e\000s\000\040\000o\000f\000\040\000T\000r\000i\000g\000o\000n\000o\000m\000e\000t\000r\000i\000c\000\040\000F\000u\000n\000c\000t\000i\000o\000n\000s}{section*.15}% 16
\BOOKMARK [2][-]{section*.30}{\376\377\000I\000m\000p\000l\000i\000c\000i\000t\000\040\000D\000i\000f\000f\000e\000r\000e\000n\000t\000i\000a\000t\000i\000o\000n}{section*.15}% 17
\BOOKMARK [2][-]{section*.32}{\376\377\000D\000e\000r\000i\000v\000a\000t\000i\000v\000e\000s\000\040\000o\000f\000\040\000T\000r\000a\000n\000s\000c\000e\000n\000d\000e\000n\000t\000a\000l\000\040\000F\000u\000n\000c\000t\000i\000o\000n\000s}{section*.15}% 18
\BOOKMARK [2][-]{section*.34}{\376\377\000L\000o\000g\000a\000r\000i\000t\000h\000m\000i\000c\000\040\000D\000i\000f\000f\000e\000r\000e\000n\000t\000i\000a\000t\000i\000o\000n}{section*.15}% 19
\BOOKMARK [2][-]{section*.36}{\376\377\000D\000i\000f\000f\000e\000r\000e\000n\000t\000i\000a\000b\000i\000l\000i\000t\000y\000\040\000\046\000\040\000G\000r\000a\000p\000h\000i\000n\000g\000\040\000D\000e\000r\000i\000v\000a\000t\000i\000v\000e\000s}{section*.15}% 20
\BOOKMARK [2][-]{section*.38}{\376\377\000E\000x\000t\000r\000e\000m\000e\000\040\000V\000a\000l\000u\000e\000s\000\040\000o\000f\000\040\000F\000u\000n\000c\000t\000i\000o\000n\000s}{section*.15}% 21
\BOOKMARK [2][-]{section*.40}{\376\377\000C\000u\000r\000v\000e\000\040\000S\000k\000e\000t\000c\000h\000i\000n\000g}{section*.15}% 22
\BOOKMARK [2][-]{section*.42}{\376\377\000M\000e\000a\000n\000\040\000V\000a\000l\000u\000e\000\040\000T\000h\000e\000o\000r\000e\000m}{section*.15}% 23
\BOOKMARK [2][-]{section*.44}{\376\377\000M\000o\000d\000e\000l\000i\000n\000g\000\040\000\046\000\040\000O\000p\000t\000i\000m\000i\000z\000a\000t\000i\000o\000n}{section*.15}% 24
\BOOKMARK [2][-]{section*.46}{\376\377\000R\000e\000l\000a\000t\000e\000d\000\040\000R\000a\000t\000e\000s}{section*.15}% 25
\BOOKMARK [2][-]{section*.48}{\376\377\000L\000'\000H\000o\000p\000i\000t\000a\000l\000'\000s\000\040\000R\000u\000l\000e}{section*.15}% 26
\BOOKMARK [2][-]{section*.50}{\376\377\000D\000i\000f\000f\000e\000r\000e\000n\000t\000i\000a\000l\000s\000,\000\040\000L\000i\000n\000e\000a\000r\000i\000z\000a\000t\000i\000o\000n\000,\000\040\000N\000e\000w\000t\000o\000n\000'\000s\000\040\000M\000e\000t\000h\000o\000d}{section*.15}% 27
\BOOKMARK [1][-]{section*.53}{\376\377\000I\000n\000t\000e\000g\000r\000a\000l\000s}{}% 28
\BOOKMARK [2][-]{section*.54}{\376\377\000B\000a\000s\000i\000c\000\040\000I\000n\000t\000e\000g\000r\000a\000t\000i\000o\000n\000\040\000R\000u\000l\000e\000s}{section*.53}% 29
\BOOKMARK [2][-]{section*.56}{\376\377\000I\000n\000t\000e\000g\000r\000a\000t\000i\000o\000n\000\040\000o\000f\000\040\000T\000r\000i\000g\000o\000n\000o\000m\000e\000t\000r\000i\000c\000\040\000F\000u\000n\000c\000t\000i\000o\000n\000s}{section*.53}% 30
\BOOKMARK [2][-]{section*.58}{\376\377\000I\000n\000t\000e\000g\000r\000a\000t\000i\000o\000n\000\040\000o\000f\000\040\000T\000r\000a\000n\000s\000c\000e\000n\000d\000e\000n\000t\000a\000l\000\040\000F\000u\000n\000c\000t\000i\000o\000n\000s}{section*.53}% 31
\BOOKMARK [2][-]{section*.60}{\376\377\000C\000o\000n\000s\000t\000a\000n\000t\000\040\000o\000f\000\040\000I\000n\000t\000e\000g\000r\000a\000t\000i\000o\000n\000\040\000\046\000\040\000A\000p\000p\000l\000i\000c\000a\000t\000i\000o\000n\000s}{section*.53}% 32
\BOOKMARK [2][-]{section*.63}{\376\377\000D\000e\000f\000i\000n\000i\000t\000e\000\040\000I\000n\000t\000e\000g\000r\000a\000t\000i\000o\000n}{section*.53}% 33
\BOOKMARK [2][-]{section*.65}{\376\377\000A\000r\000e\000a\000\040\000U\000n\000d\000e\000r\000\040\000t\000h\000e\000\040\000C\000u\000r\000v\000e\000\040\000w\000i\000t\000h\000\040\000R\000A\000M}{section*.53}% 34
\BOOKMARK [2][-]{section*.69}{\376\377\000T\000h\000e\000\040\000D\000e\000f\000i\000n\000i\000t\000e\000\040\000I\000n\000t\000e\000g\000r\000a\000l\000\040\000a\000s\000\040\000A\000r\000e\000a\000\040\000U\000n\000d\000e\000r\000\040\000t\000h\000e\000\040\000C\000u\000r\000v\000e}{section*.53}% 35
\BOOKMARK [2][-]{section*.71}{\376\377\000L\000i\000m\000i\000t\000-\000t\000o\000-\000I\000n\000t\000e\000g\000r\000a\000l\000\040\000a\000n\000d\000\040\000I\000n\000t\000e\000g\000r\000a\000l\000-\000t\000o\000-\000L\000i\000m\000i\000t}{section*.53}% 36
\BOOKMARK [2][-]{section*.73}{\376\377\000A\000v\000e\000r\000a\000g\000e\000\040\000V\000a\000l\000u\000e\000\040\000\046\000\040\000M\000e\000a\000n\000\040\000V\000a\000l\000u\000e\000\040\000T\000h\000e\000o\000r\000e\000m}{section*.53}% 37
\BOOKMARK [2][-]{section*.75}{\376\377\000T\000h\000e\000\040\000F\000u\000n\000d\000a\000m\000e\000n\000t\000a\000l\000\040\000T\000h\000e\000o\000r\000e\000m\000\040\000o\000f\000\040\000C\000a\000l\000c\000u\000l\000u\000s}{section*.53}% 38
\BOOKMARK [2][-]{section*.77}{\376\377\000S\000e\000p\000a\000r\000a\000t\000i\000o\000n\000\040\000o\000f\000\040\000V\000a\000r\000i\000a\000b\000l\000e\000s}{section*.53}% 39
\BOOKMARK [2][-]{section*.80}{\376\377\000D\000i\000f\000f\000e\000r\000e\000n\000t\000i\000a\000l\000\040\000E\000q\000u\000a\000t\000i\000o\000n\000s}{section*.53}% 40
\BOOKMARK [2][-]{section*.82}{\376\377\000S\000l\000o\000p\000e\000\040\000F\000i\000e\000l\000d\000s}{section*.53}% 41
\BOOKMARK [2][-]{section*.84}{\376\377\000L\000o\000g\000i\000s\000t\000i\000c\000\040\000D\000i\000f\000f\000e\000r\000e\000n\000t\000i\000a\000l\000\040\000E\000q\000u\000a\000t\000i\000o\000n\000s}{section*.53}% 42
\BOOKMARK [2][-]{section*.86}{\376\377\000E\000u\000l\000e\000r\000'\000s\000\040\000M\000e\000t\000h\000o\000d}{section*.53}% 43
\BOOKMARK [2][-]{section*.88}{\376\377\000A\000r\000e\000a\000s\000\040\000i\000n\000\040\000t\000h\000e\000\040\000P\000l\000a\000n\000e}{section*.53}% 44
\BOOKMARK [2][-]{section*.90}{\376\377\000V\000o\000l\000u\000m\000e\000s\000\040\000o\000f\000\040\000R\000e\000v\000o\000l\000u\000t\000i\000o\000n}{section*.53}% 45
\BOOKMARK [2][-]{section*.92}{\376\377\000A\000r\000c\000\040\000L\000e\000n\000g\000t\000h}{section*.53}% 46
\BOOKMARK [1][-]{section*.94}{\376\377\000A\000d\000v\000a\000n\000c\000e\000d\000\040\000I\000n\000t\000e\000g\000r\000a\000t\000i\000o\000n\000\040\000T\000e\000c\000h\000n\000i\000q\000u\000e\000s}{}% 47
\BOOKMARK [2][-]{section*.95}{\376\377\000I\000n\000t\000e\000g\000r\000a\000t\000i\000o\000n\000\040\000R\000e\000v\000i\000e\000w}{section*.94}% 48
\BOOKMARK [2][-]{section*.97}{\376\377\000I\000n\000t\000e\000g\000r\000a\000t\000i\000o\000n\000\040\000b\000y\000\040\000P\000a\000r\000t\000s}{section*.94}% 49
\BOOKMARK [2][-]{section*.99}{\376\377\000T\000r\000i\000g\000o\000n\000o\000m\000e\000t\000r\000i\000c\000\040\000C\000o\000m\000b\000i\000n\000a\000t\000i\000o\000n\000s}{section*.94}% 50
\BOOKMARK [2][-]{section*.101}{\376\377\000T\000r\000i\000g\000o\000n\000o\000m\000e\000t\000r\000i\000c\000\040\000S\000u\000b\000s\000t\000i\000t\000u\000t\000i\000o\000n}{section*.94}% 51
\BOOKMARK [2][-]{section*.103}{\376\377\000P\000a\000r\000t\000i\000a\000l\000\040\000F\000r\000a\000c\000t\000i\000o\000n\000\040\000D\000e\000c\000o\000m\000p\000o\000s\000i\000t\000i\000o\000n}{section*.94}% 52
\BOOKMARK [2][-]{section*.105}{\376\377\000I\000m\000p\000r\000o\000p\000e\000r\000\040\000I\000n\000t\000e\000g\000r\000a\000l\000s}{section*.94}% 53
\BOOKMARK [1][-]{section*.107}{\376\377\000S\000e\000q\000u\000e\000n\000c\000e\000s\000\040\000\046\000\040\000S\000e\000r\000i\000e\000s}{}% 54
\BOOKMARK [2][-]{section*.108}{\376\377\000S\000e\000q\000u\000e\000n\000c\000e\000s\000\040\000B\000a\000s\000i\000c\000s}{section*.107}% 55
\BOOKMARK [2][-]{section*.110}{\376\377\000S\000e\000r\000i\000e\000s\000\040\000\046\000\040\000C\000o\000n\000v\000e\000r\000g\000e\000n\000c\000e}{section*.107}% 56
\BOOKMARK [2][-]{section*.112}{\376\377\000G\000e\000o\000m\000e\000t\000r\000i\000c\000\040\000S\000e\000r\000i\000e\000s}{section*.107}% 57
\BOOKMARK [2][-]{section*.114}{\376\377\000n\000t\000h\000-\000T\000e\000r\000m\000\040\000T\000e\000s\000t\000\040\000f\000o\000r\000\040\000D\000i\000v\000e\000r\000g\000e\000n\000c\000e}{section*.107}% 58
\BOOKMARK [2][-]{section*.116}{\376\377\000I\000n\000t\000e\000g\000r\000a\000l\000\040\000T\000e\000s\000t\000\040\000\046\000\040\000p\000-\000S\000e\000r\000i\000e\000s}{section*.107}% 59
\BOOKMARK [2][-]{section*.118}{\376\377\000C\000o\000m\000p\000a\000r\000i\000s\000o\000n\000\040\000o\000f\000\040\000S\000e\000r\000i\000e\000s}{section*.107}% 60
\BOOKMARK [2][-]{section*.120}{\376\377\000A\000l\000t\000e\000r\000n\000a\000t\000i\000n\000g\000\040\000S\000e\000r\000i\000e\000s}{section*.107}% 61
\BOOKMARK [2][-]{section*.122}{\376\377\000C\000o\000n\000d\000i\000t\000i\000o\000n\000a\000l\000\040\000a\000n\000d\000\040\000A\000b\000s\000o\000l\000u\000t\000e\000\040\000C\000o\000n\000v\000e\000r\000g\000e\000n\000c\000e}{section*.107}% 62
\BOOKMARK [2][-]{section*.124}{\376\377\000R\000a\000t\000i\000o\000\040\000a\000n\000d\000\040\000R\000o\000o\000t\000\040\000T\000e\000s\000t\000s}{section*.107}% 63
\BOOKMARK [2][-]{section*.126}{\376\377\000T\000a\000y\000l\000o\000r\000\040\000P\000o\000l\000y\000n\000o\000m\000i\000a\000l\000s\000\040\000\046\000\040\000A\000p\000p\000r\000o\000x\000i\000m\000a\000t\000i\000o\000n\000s}{section*.107}% 64
\BOOKMARK [2][-]{section*.128}{\376\377\000R\000e\000m\000a\000i\000n\000d\000e\000r\000\040\000o\000f\000\040\000a\000\040\000T\000a\000y\000l\000o\000r\000\040\000P\000o\000l\000y\000n\000o\000m\000i\000a\000l}{section*.107}% 65
\BOOKMARK [2][-]{section*.130}{\376\377\000P\000o\000w\000e\000r\000\040\000S\000e\000r\000i\000e\000s}{section*.107}% 66
\BOOKMARK [2][-]{section*.132}{\376\377\000R\000a\000d\000i\000u\000s\000\040\000a\000n\000d\000\040\000I\000n\000t\000e\000r\000v\000a\000l\000\040\000o\000f\000\040\000C\000o\000n\000v\000e\000r\000g\000e\000n\000c\000e}{section*.107}% 67
\BOOKMARK [2][-]{section*.134}{\376\377\000D\000i\000f\000f\000e\000r\000e\000n\000t\000i\000a\000t\000i\000n\000g\000\040\000a\000n\000d\000\040\000I\000n\000t\000e\000g\000r\000a\000t\000i\000n\000g\000\040\000P\000o\000w\000e\000r\000\040\000S\000e\000r\000i\000e\000s}{section*.107}% 68
\BOOKMARK [2][-]{section*.136}{\376\377\000G\000e\000o\000m\000e\000t\000r\000i\000c\000\040\000P\000o\000w\000e\000r\000\040\000S\000e\000r\000i\000e\000s}{section*.107}% 69
\BOOKMARK [2][-]{section*.138}{\376\377\000T\000a\000y\000l\000o\000r\000\040\000\046\000\040\000M\000a\000c\000L\000a\000u\000r\000i\000n\000\040\000S\000e\000r\000i\000e\000s}{section*.107}% 70
\BOOKMARK [2][-]{section*.140}{\376\377\000T\000a\000y\000l\000o\000r\000\040\000\046\000\040\000M\000a\000c\000l\000a\000u\000r\000i\000n\000\040\000M\000a\000n\000i\000p\000u\000l\000a\000t\000i\000o\000n}{section*.107}% 71
\BOOKMARK [2][-]{section*.142}{\376\377\000P\000l\000a\000n\000e\000\040\000C\000u\000r\000v\000e\000s\000\040\000a\000n\000d\000\040\000P\000a\000r\000a\000m\000e\000t\000r\000i\000c\000\040\000E\000q\000u\000a\000t\000i\000o\000n\000s}{section*.107}% 72
\BOOKMARK [1][-]{section*.144}{\376\377\000P\000o\000l\000a\000r\000,\000\040\000P\000a\000r\000a\000m\000e\000t\000r\000i\000c\000,\000\040\000\046\000\040\000V\000e\000c\000t\000o\000r\000\040\000E\000q\000u\000a\000t\000i\000o\000n\000s}{}% 73
\BOOKMARK [2][-]{section*.145}{\376\377\000P\000a\000r\000a\000m\000e\000t\000r\000i\000c\000\040\000E\000q\000u\000a\000t\000i\000o\000n\000s\000\040\000\046\000\040\000C\000a\000l\000c\000u\000l\000u\000s}{section*.144}% 74
\BOOKMARK [2][-]{section*.147}{\376\377\000V\000e\000c\000t\000o\000r\000\040\000F\000u\000n\000c\000t\000i\000o\000n\000s\000\040\000a\000n\000d\000\040\000M\000o\000t\000i\000o\000n}{section*.144}% 75
\BOOKMARK [2][-]{section*.149}{\376\377\000P\000o\000l\000a\000r\000\040\000C\000o\000o\000r\000d\000i\000n\000a\000t\000e\000s\000\040\000a\000n\000d\000\040\000G\000r\000a\000p\000h\000s}{section*.144}% 76
\BOOKMARK [2][-]{section*.151}{\376\377\000P\000o\000l\000a\000r\000\040\000E\000q\000u\000a\000t\000i\000o\000n\000s\000\040\000\046\000\040\000C\000a\000l\000c\000u\000l\000u\000s}{section*.144}% 77
\BOOKMARK [2][-]{section*.153}{\376\377\000P\000o\000l\000a\000r\000\040\000A\000r\000e\000a}{section*.144}% 78
\BOOKMARK [1][-]{section*.155}{\376\377\000A\000p\000p\000e\000n\000d\000i\000x}{}% 79
\BOOKMARK [2][-]{section*.156}{\376\377\000H\000i\000e\000r\000a\000r\000c\000h\000y\000\040\000o\000f\000\040\000F\000u\000n\000c\000t\000i\000o\000n\000s}{section*.155}% 80
\BOOKMARK [2][-]{section*.157}{\376\377\000D\000e\000f\000i\000n\000i\000t\000i\000o\000n\000s\000\040\000a\000n\000d\000\040\000T\000h\000e\000o\000r\000e\000m\000s}{section*.155}% 81
\BOOKMARK [2][-]{section*.158}{\376\377\000S\000e\000r\000i\000e\000s\000\040\000T\000e\000s\000t\000s\000\040\000S\000u\000m\000m\000a\000r\000y}{section*.155}% 82
\BOOKMARK [2][-]{section*.159}{\376\377\000A\000\040\000Q\000u\000o\000t\000e}{section*.155}% 83
